[   17931ms] [LOG] [adminService] 调用云函数: action=list, params= {collection: orders, query: undefined, options: undefined} @ https://rcwljy-5ghmq2ex26764978-1318564729.tcloudbaseapp.com/assets/index-v1776078829070.js:10
[   18163ms] [LOG] [adminService] 云函数返回: {result: Object, requestId: a658ad1a-9377-475e-9836-102d1f7effc1} @ https://rcwljy-5ghmq2ex26764978-1318564729.tcloudbaseapp.com/assets/index-v1776078829070.js:10
[   18163ms] [LOG] [adminService] 调用云函数: action=count, params= {collection: orders, query: undefined} @ https://rcwljy-5ghmq2ex26764978-1318564729.tcloudbaseapp.com/assets/index-v1776078829070.js:10
[   18265ms] [LOG] ✅ 用户已登录 @ https://rcwljy-5ghmq2ex26764978-1318564729.tcloudbaseapp.com/assets/index-v1776078829070.js:8
[   18265ms] [LOG] [paginatedQuery] 查询集合: courses, 参数: {page: 1, pageSize: 100} @ https://rcwljy-5ghmq2ex26764978-1318564729.tcloudbaseapp.com/assets/database-B6udBOTg-v1776078829070.js:0
[   18304ms] [LOG] [adminService] 云函数返回: {result: undefined, requestId: 92c04622-54ae-4836-9d31-74ee7a458894} @ https://rcwljy-5ghmq2ex26764978-1318564729.tcloudbaseapp.com/assets/index-v1776078829070.js:10
[   18304ms] [LOG] [adminService] 调用云函数: action=list, params= {collection: registrations, query: undefined, options: undefined} @ https://rcwljy-5ghmq2ex26764978-1318564729.tcloudbaseapp.com/assets/index-v1776078829070.js:10
[   18400ms] [LOG] [paginatedQuery] 集合 courses 符合条件总数: 4 @ https://rcwljy-5ghmq2ex26764978-1318564729.tcloudbaseapp.com/assets/database-B6udBOTg-v1776078829070.js:0
[   18459ms] [LOG] [paginatedQuery] 查询到 4 条数据: [Object, Object, Object, Object] @ https://rcwljy-5ghmq2ex26764978-1318564729.tcloudbaseapp.com/assets/database-B6udBOTg-v1776078829070.js:0
[   18482ms] [LOG] [adminService] 云函数返回: {result: Object, requestId: 9848e23a-de89-4e97-a91b-920c7071363a} @ https://rcwljy-5ghmq2ex26764978-1318564729.tcloudbaseapp.com/assets/index-v1776078829070.js:10
[   18483ms] [LOG] [adminService] 调用云函数: action=count, params= {collection: registrations, query: undefined} @ https://rcwljy-5ghmq2ex26764978-1318564729.tcloudbaseapp.com/assets/index-v1776078829070.js:10
[   18660ms] [LOG] [adminService] 云函数返回: {result: undefined, requestId: 6ca34440-d124-4a7f-a7a7-444fb1101d87} @ https://rcwljy-5ghmq2ex26764978-1318564729.tcloudbaseapp.com/assets/index-v1776078829070.js:10
[   18661ms] [LOG] [adminService] 调用云函数: action=list, params= {collection: notices, query: undefined, options: undefined} @ https://rcwljy-5ghmq2ex26764978-1318564729.tcloudbaseapp.com/assets/index-v1776078829070.js:10
[   18865ms] [LOG] [adminService] 云函数返回: {result: Object, requestId: bebba1d7-95f5-4d46-b62c-e6440f2378a3} @ https://rcwljy-5ghmq2ex26764978-1318564729.tcloudbaseapp.com/assets/index-v1776078829070.js:10
[   18866ms] [LOG] [adminService] 调用云函数: action=count, params= {collection: comments, query: undefined} @ https://rcwljy-5ghmq2ex26764978-1318564729.tcloudbaseapp.com/assets/index-v1776078829070.js:10
[   18992ms] [LOG] [adminService] 云函数返回: {result: undefined, requestId: c2c3595c-1d22-4cf9-9baf-3798724ae795} @ https://rcwljy-5ghmq2ex26764978-1318564729.tcloudbaseapp.com/assets/index-v1776078829070.js:10
[   36690ms] [LOG] [paginatedQuery] 查询集合: courses, 参数: {page: 1, pageSize: 10} @ https://rcwljy-5ghmq2ex26764978-1318564729.tcloudbaseapp.com/assets/database-B6udBOTg-v1776078829070.js:0
[   36691ms] [LOG] [paginatedQuery] 查询集合: teacher_profiles, 参数: {page: 1, pageSize: 100} @ https://rcwljy-5ghmq2ex26764978-1318564729.tcloudbaseapp.com/assets/database-B6udBOTg-v1776078829070.js:0
[   36691ms] [LOG] [adminService] 调用云函数: action=list, params= {collection: categories, query: undefined, options: undefined} @ https://rcwljy-5ghmq2ex26764978-1318564729.tcloudbaseapp.com/assets/index-v1776078829070.js:10
[   36739ms] [LOG] [paginatedQuery] 集合 courses 符合条件总数: 4 @ https://rcwljy-5ghmq2ex26764978-1318564729.tcloudbaseapp.com/assets/database-B6udBOTg-v1776078829070.js:0
[   36801ms] [LOG] [paginatedQuery] 查询到 4 条数据: [Object, Object, Object, Object] @ https://rcwljy-5ghmq2ex26764978-1318564729.tcloudbaseapp.com/assets/database-B6udBOTg-v1776078829070.js:0
[   36840ms] [LOG] [paginatedQuery] 集合 teacher_profiles 符合条件总数: 4 @ https://rcwljy-5ghmq2ex26764978-1318564729.tcloudbaseapp.com/assets/database-B6udBOTg-v1776078829070.js:0
[   36882ms] [LOG] [adminService] 云函数返回: {result: Object, requestId: b32689b8-c73f-44d7-88fd-cfdf735a2e82} @ https://rcwljy-5ghmq2ex26764978-1318564729.tcloudbaseapp.com/assets/index-v1776078829070.js:10
[   37287ms] [LOG] [paginatedQuery] 查询到 4 条数据: [Object, Object, Object, Object] @ https://rcwljy-5ghmq2ex26764978-1318564729.tcloudbaseapp.com/assets/database-B6udBOTg-v1776078829070.js:0
