[      41ms] [LOG] [adminService] 调用云函数: action=list, params= {collection: banners, query: Object, options: Object} @ https://rcwljy-5ghmq2ex26764978-1318564729.tcloudbaseapp.com/assets/app-build-2025-04-11-1410.js:1074
[      42ms] [LOG] [adminService] 调用云函数: action=count, params= {collection: banners, query: Object} @ https://rcwljy-5ghmq2ex26764978-1318564729.tcloudbaseapp.com/assets/app-build-2025-04-11-1410.js:1074
[      42ms] [LOG] [adminService] 调用云函数: action=get, params= {collection: featuredCourses, docId: home-featured} @ https://rcwljy-5ghmq2ex26764978-1318564729.tcloudbaseapp.com/assets/app-build-2025-04-11-1410.js:1074
[      42ms] [LOG] [adminService] 调用云函数: action=get, params= {collection: featuredClasses, docId: home-featured-classes} @ https://rcwljy-5ghmq2ex26764978-1318564729.tcloudbaseapp.com/assets/app-build-2025-04-11-1410.js:1074
[      42ms] [LOG] [adminService] 调用云函数: action=get, params= {collection: featuredLearningPaths, docId: home-featured-paths} @ https://rcwljy-5ghmq2ex26764978-1318564729.tcloudbaseapp.com/assets/app-build-2025-04-11-1410.js:1074
[      42ms] [LOG] [adminService] 调用云函数: action=list, params= {collection: learning_paths, query: Object, options: Object} @ https://rcwljy-5ghmq2ex26764978-1318564729.tcloudbaseapp.com/assets/app-build-2025-04-11-1410.js:1074
[     179ms] [LOG] [adminService] 云函数返回: {result: Object, requestId: 7aad23dd-ccac-4e24-acfe-c90179a0f28b} @ https://rcwljy-5ghmq2ex26764978-1318564729.tcloudbaseapp.com/assets/app-build-2025-04-11-1410.js:1074
[     186ms] [LOG] [adminService] 云函数返回: {result: Object, requestId: b01e5e0f-c336-491c-a793-bb7baed1baaf} @ https://rcwljy-5ghmq2ex26764978-1318564729.tcloudbaseapp.com/assets/app-build-2025-04-11-1410.js:1074
[     186ms] [LOG] [热门课程] 加载结果: {success: true, data: Object} @ https://rcwljy-5ghmq2ex26764978-1318564729.tcloudbaseapp.com/assets/app-build-2025-04-11-1410.js:1170
[     191ms] [LOG] [adminService] 云函数返回: {result: Object, requestId: 12ffa106-819b-4871-9a5f-5b94a523bfac} @ https://rcwljy-5ghmq2ex26764978-1318564729.tcloudbaseapp.com/assets/app-build-2025-04-11-1410.js:1074
[     210ms] [LOG] [adminService] 云函数返回: {result: Object, requestId: 70d7bf19-12d0-4b7b-b973-06688a4958a6} @ https://rcwljy-5ghmq2ex26764978-1318564729.tcloudbaseapp.com/assets/app-build-2025-04-11-1410.js:1074
[     340ms] [LOG] [adminService] 云函数返回: {result: Object, requestId: d2ce5ef1-2948-4d1a-a344-3429cfe8ba17} @ https://rcwljy-5ghmq2ex26764978-1318564729.tcloudbaseapp.com/assets/app-build-2025-04-11-1410.js:1074
[     881ms] [LOG] [adminService] 云函数返回: {result: Object, requestId: 16b624ab-2883-4f81-9b01-c10cba518bcf} @ https://rcwljy-5ghmq2ex26764978-1318564729.tcloudbaseapp.com/assets/app-build-2025-04-11-1410.js:1074
[     882ms] [LOG] [轮播图] 加载结果: {success: true, data: Array(3), total: 3} @ https://rcwljy-5ghmq2ex26764978-1318564729.tcloudbaseapp.com/assets/app-build-2025-04-11-1410.js:1170
[     882ms] [LOG] [轮播图] 映射 banner: {原始: Object, 映射后ID: banner_001} @ https://rcwljy-5ghmq2ex26764978-1318564729.tcloudbaseapp.com/assets/app-build-2025-04-11-1410.js:1170
[     882ms] [LOG] [轮播图] 映射 banner: {原始: Object, 映射后ID: banner_003} @ https://rcwljy-5ghmq2ex26764978-1318564729.tcloudbaseapp.com/assets/app-build-2025-04-11-1410.js:1170
[     882ms] [LOG] [轮播图] 映射 banner: {原始: Object, 映射后ID: f6fcfb9c69cff35102cd29a71748a7ec} @ https://rcwljy-5ghmq2ex26764978-1318564729.tcloudbaseapp.com/assets/app-build-2025-04-11-1410.js:1170
[     882ms] [LOG] [轮播图] 设置后 banners: [Object, Object, Object] @ https://rcwljy-5ghmq2ex26764978-1318564729.tcloudbaseapp.com/assets/app-build-2025-04-11-1410.js:1170
[   17551ms] [LOG] [DEBUG] openBannerDialog 被调用 {banner: undefined, bannerDialogOpen: false} @ https://rcwljy-5ghmq2ex26764978-1318564729.tcloudbaseapp.com/assets/app-build-2025-04-11-1410.js:1170
[   17551ms] [LOG] [DEBUG] bannerDialogOpen 设置为 true @ https://rcwljy-5ghmq2ex26764978-1318564729.tcloudbaseapp.com/assets/app-build-2025-04-11-1410.js:1170
