[      46ms] [LOG] [adminService] 调用云函数: action=list, params= {collection: banners, query: Object, options: Object} @ https://rcwljy-5ghmq2ex26764978-1318564729.tcloudbaseapp.com/assets/app-build-2025-04-11-1410.js:1074
[      46ms] [LOG] [adminService] 调用云函数: action=count, params= {collection: banners, query: Object} @ https://rcwljy-5ghmq2ex26764978-1318564729.tcloudbaseapp.com/assets/app-build-2025-04-11-1410.js:1074
[      46ms] [LOG] [adminService] 调用云函数: action=get, params= {collection: featuredCourses, docId: home-featured} @ https://rcwljy-5ghmq2ex26764978-1318564729.tcloudbaseapp.com/assets/app-build-2025-04-11-1410.js:1074
[      46ms] [LOG] [adminService] 调用云函数: action=get, params= {collection: featuredClasses, docId: home-featured-classes} @ https://rcwljy-5ghmq2ex26764978-1318564729.tcloudbaseapp.com/assets/app-build-2025-04-11-1410.js:1074
[      47ms] [LOG] [adminService] 调用云函数: action=get, params= {collection: featuredLearningPaths, docId: home-featured-paths} @ https://rcwljy-5ghmq2ex26764978-1318564729.tcloudbaseapp.com/assets/app-build-2025-04-11-1410.js:1074
[      47ms] [LOG] [adminService] 调用云函数: action=list, params= {collection: learning_paths, query: Object, options: Object} @ https://rcwljy-5ghmq2ex26764978-1318564729.tcloudbaseapp.com/assets/app-build-2025-04-11-1410.js:1074
[     191ms] [LOG] [adminService] 云函数返回: {result: Object, requestId: 56fb8526-f6b2-485f-b008-e7235b742aad} @ https://rcwljy-5ghmq2ex26764978-1318564729.tcloudbaseapp.com/assets/app-build-2025-04-11-1410.js:1074
[     197ms] [LOG] [adminService] 云函数返回: {result: Object, requestId: d192a0dc-e171-4ec0-bc8e-5b512255bc0f} @ https://rcwljy-5ghmq2ex26764978-1318564729.tcloudbaseapp.com/assets/app-build-2025-04-11-1410.js:1074
[     197ms] [LOG] [热门课程] 加载结果: {success: true, data: Object} @ https://rcwljy-5ghmq2ex26764978-1318564729.tcloudbaseapp.com/assets/app-build-2025-04-11-1410.js:1170
[     371ms] [LOG] [adminService] 云函数返回: {result: Object, requestId: 3609bb03-2078-4ecc-8bdc-4127ee6275ff} @ https://rcwljy-5ghmq2ex26764978-1318564729.tcloudbaseapp.com/assets/app-build-2025-04-11-1410.js:1074
[    1185ms] [LOG] [adminService] 云函数返回: {result: Object, requestId: 02566d52-5bbd-4c67-8a0c-1dd21622a6c4} @ https://rcwljy-5ghmq2ex26764978-1318564729.tcloudbaseapp.com/assets/app-build-2025-04-11-1410.js:1074
[    1234ms] [LOG] [adminService] 云函数返回: {result: Object, requestId: 558502be-fd67-4015-be1f-4b9d3796fb24} @ https://rcwljy-5ghmq2ex26764978-1318564729.tcloudbaseapp.com/assets/app-build-2025-04-11-1410.js:1074
[    2001ms] [LOG] [adminService] 云函数返回: {result: Object, requestId: 978138da-e05b-482d-8f93-f883631e5aad} @ https://rcwljy-5ghmq2ex26764978-1318564729.tcloudbaseapp.com/assets/app-build-2025-04-11-1410.js:1074
[    2002ms] [LOG] [轮播图] 加载结果: {success: true, data: Array(3), total: 3} @ https://rcwljy-5ghmq2ex26764978-1318564729.tcloudbaseapp.com/assets/app-build-2025-04-11-1410.js:1170
[    2002ms] [LOG] [轮播图] 映射 banner: {原始: Object, 映射后ID: banner_001} @ https://rcwljy-5ghmq2ex26764978-1318564729.tcloudbaseapp.com/assets/app-build-2025-04-11-1410.js:1170
[    2002ms] [LOG] [轮播图] 映射 banner: {原始: Object, 映射后ID: banner_003} @ https://rcwljy-5ghmq2ex26764978-1318564729.tcloudbaseapp.com/assets/app-build-2025-04-11-1410.js:1170
[    2002ms] [LOG] [轮播图] 映射 banner: {原始: Object, 映射后ID: f6fcfb9c69cff35102cd29a71748a7ec} @ https://rcwljy-5ghmq2ex26764978-1318564729.tcloudbaseapp.com/assets/app-build-2025-04-11-1410.js:1170
[    2002ms] [LOG] [轮播图] 设置后 banners: [Object, Object, Object] @ https://rcwljy-5ghmq2ex26764978-1318564729.tcloudbaseapp.com/assets/app-build-2025-04-11-1410.js:1170
[   21909ms] [LOG] [DEBUG] openBannerDialog 被调用 {banner: undefined, bannerDialogOpen: false} @ https://rcwljy-5ghmq2ex26764978-1318564729.tcloudbaseapp.com/assets/app-build-2025-04-11-1410.js:1170
[   21910ms] [LOG] [DEBUG] bannerDialogOpen 设置为 true @ https://rcwljy-5ghmq2ex26764978-1318564729.tcloudbaseapp.com/assets/app-build-2025-04-11-1410.js:1170
