[   16246ms] [LOG] 📋 CloudBase 环境变量: {ENV_ID: rcwljy-5ghmq2ex26764978, isValidEnvId: true, hasPublishableKey: true, keyLength: 922} @ https://rcwljy-5ghmq2ex26764978-1318564729.tcloudbaseapp.com/assets/app-build-2025-04-11-1410.js:853
[   16248ms] [LOG] ✅ 使用 Publishable Key 初始化 CloudBase @ https://rcwljy-5ghmq2ex26764978-1318564729.tcloudbaseapp.com/assets/app-build-2025-04-11-1410.js:853
[   16248ms] [LOG] CloudBase 配置: {env: rcwljy-5ghmq2ex26764978, hasAccessKey: true} @ https://rcwljy-5ghmq2ex26764978-1318564729.tcloudbaseapp.com/assets/app-build-2025-04-11-1410.js:853
[   16264ms] [LOG] ✅ 用户已登录: undefined @ https://rcwljy-5ghmq2ex26764978-1318564729.tcloudbaseapp.com/assets/app-build-2025-04-11-1410.js:860
[   16296ms] [LOG] 🚀 生产环境启动 2026-04-11T09:55:29.821Z @ https://rcwljy-5ghmq2ex26764978-1318564729.tcloudbaseapp.com/assets/app-build-2025-04-11-1410.js:1116
[   16834ms] [LOG] ✅ 匿名登录成功 @ https://rcwljy-5ghmq2ex26764978-1318564729.tcloudbaseapp.com/assets/app-build-2025-04-11-1410.js:860
[   16839ms] [LOG] ✅ ensureAuthenticated: 匿名登录成功 @ https://rcwljy-5ghmq2ex26764978-1318564729.tcloudbaseapp.com/assets/app-build-2025-04-11-1410.js:860
[   16982ms] [LOG] 热门课程ID列表: [course_001, course_002, course_003, course_004] @ https://rcwljy-5ghmq2ex26764978-1318564729.tcloudbaseapp.com/assets/app-build-2025-04-11-1410.js:1123
[   16982ms] [LOG] 所有课程: [Object, Object, Object, Object] @ https://rcwljy-5ghmq2ex26764978-1318564729.tcloudbaseapp.com/assets/app-build-2025-04-11-1410.js:1123
[   16982ms] [LOG] 匹配到的热门课程: [Object, Object, Object, Object] @ https://rcwljy-5ghmq2ex26764978-1318564729.tcloudbaseapp.com/assets/app-build-2025-04-11-1410.js:1123
[   16983ms] [LOG] [adminService] 调用云函数: action=list, params= {collection: banners, query: Object, options: Object} @ https://rcwljy-5ghmq2ex26764978-1318564729.tcloudbaseapp.com/assets/app-build-2025-04-11-1410.js:1074
[   16983ms] [LOG] [adminService] 调用云函数: action=count, params= {collection: banners, query: Object} @ https://rcwljy-5ghmq2ex26764978-1318564729.tcloudbaseapp.com/assets/app-build-2025-04-11-1410.js:1074
[   18105ms] [LOG] [adminService] 云函数返回: {result: Object, requestId: 97825a31-a083-49e9-abeb-88fcc121c13a} @ https://rcwljy-5ghmq2ex26764978-1318564729.tcloudbaseapp.com/assets/app-build-2025-04-11-1410.js:1074
[   18920ms] [LOG] [adminService] 云函数返回: {result: Object, requestId: 0ba7c236-e409-4642-a9e9-e99fc77a9a60} @ https://rcwljy-5ghmq2ex26764978-1318564729.tcloudbaseapp.com/assets/app-build-2025-04-11-1410.js:1074
[   18923ms] [LOG] [adminService] 调用云函数: action=get, params= {collection: featuredClasses, docId: home-featured-classes} @ https://rcwljy-5ghmq2ex26764978-1318564729.tcloudbaseapp.com/assets/app-build-2025-04-11-1410.js:1074
[   19129ms] [LOG] [adminService] 云函数返回: {result: Object, requestId: d154e01f-c7d5-42e8-a4af-7f76fddbad21} @ https://rcwljy-5ghmq2ex26764978-1318564729.tcloudbaseapp.com/assets/app-build-2025-04-11-1410.js:1074
[   19129ms] [LOG] [首页] 使用配置的班级ID: [c25002a969d86c5403a4c6cb13d2fd82, 2d12bec269d8b22c03b6a5802c58ab69] @ https://rcwljy-5ghmq2ex26764978-1318564729.tcloudbaseapp.com/assets/app-build-2025-04-11-1410.js:1123
[   19334ms] [LOG] [首页] 匹配到的配置班级: [Object, Object] @ https://rcwljy-5ghmq2ex26764978-1318564729.tcloudbaseapp.com/assets/app-build-2025-04-11-1410.js:1123
[   19334ms] [LOG] [adminService] 调用云函数: action=get, params= {collection: featuredLearningPaths, docId: home-featured-paths} @ https://rcwljy-5ghmq2ex26764978-1318564729.tcloudbaseapp.com/assets/app-build-2025-04-11-1410.js:1074
[   19473ms] [LOG] [adminService] 云函数返回: {result: Object, requestId: 27a87803-7cfd-4de3-8b54-e22c66650346} @ https://rcwljy-5ghmq2ex26764978-1318564729.tcloudbaseapp.com/assets/app-build-2025-04-11-1410.js:1074
[   19473ms] [LOG] [首页] 学习路径ID列表: [path-beginner, path-advanced, path-intermediate, d3a457a269d9fa6203d5ddb53d673597] @ https://rcwljy-5ghmq2ex26764978-1318564729.tcloudbaseapp.com/assets/app-build-2025-04-11-1410.js:1123
