[     596ms] [LOG] 📋 CloudBase 环境变量: {ENV_ID: rcwljy-5ghmq2ex26764978, isValidEnvId: true, hasPublishableKey: true, keyLength: 922} @ https://rcwljy-5ghmq2ex26764978-1318564729.tcloudbaseapp.com/assets/app-build-2025-04-11-1410.js:853
[     596ms] [LOG] ✅ 使用 Publishable Key 初始化 CloudBase @ https://rcwljy-5ghmq2ex26764978-1318564729.tcloudbaseapp.com/assets/app-build-2025-04-11-1410.js:853
[     596ms] [LOG] CloudBase 配置: {env: rcwljy-5ghmq2ex26764978, hasAccessKey: true} @ https://rcwljy-5ghmq2ex26764978-1318564729.tcloudbaseapp.com/assets/app-build-2025-04-11-1410.js:853
[     611ms] [LOG] ✅ 用户已登录: tLFQaHBX7RE2uvpJ-i-Cxg @ https://rcwljy-5ghmq2ex26764978-1318564729.tcloudbaseapp.com/assets/app-build-2025-04-11-1410.js:860
[     634ms] [LOG] 🚀 生产环境启动 2026-04-11T07:57:26.397Z @ https://rcwljy-5ghmq2ex26764978-1318564729.tcloudbaseapp.com/assets/app-build-2025-04-11-1410.js:1116
[     637ms] [LOG] ✅ 用户已登录 @ https://rcwljy-5ghmq2ex26764978-1318564729.tcloudbaseapp.com/assets/app-build-2025-04-11-1410.js:860
[   13285ms] [LOG] ✅ 使用缓存的会话 @ https://rcwljy-5ghmq2ex26764978-1318564729.tcloudbaseapp.com/assets/app-build-2025-04-11-1410.js:860
[   13285ms] [LOG] 查询集合: courses, 参数: {page: 1, pageSize: 100} @ https://rcwljy-5ghmq2ex26764978-1318564729.tcloudbaseapp.com/assets/app-build-2025-04-11-1410.js:1140
[   13419ms] [LOG] 集合 courses 符合条件总数: 4 @ https://rcwljy-5ghmq2ex26764978-1318564729.tcloudbaseapp.com/assets/app-build-2025-04-11-1410.js:1140
[   13468ms] [LOG] 查询到 4 条数据 @ https://rcwljy-5ghmq2ex26764978-1318564729.tcloudbaseapp.com/assets/app-build-2025-04-11-1410.js:1140
[   36468ms] [LOG] [adminService] 调用云函数: action=list, params= {collection: banners, query: Object, options: Object} @ https://rcwljy-5ghmq2ex26764978-1318564729.tcloudbaseapp.com/assets/app-build-2025-04-11-1410.js:1074
[   36469ms] [LOG] [adminService] 调用云函数: action=count, params= {collection: banners, query: Object} @ https://rcwljy-5ghmq2ex26764978-1318564729.tcloudbaseapp.com/assets/app-build-2025-04-11-1410.js:1074
[   36469ms] [LOG] [adminService] 调用云函数: action=get, params= {collection: featuredCourses, docId: home-featured} @ https://rcwljy-5ghmq2ex26764978-1318564729.tcloudbaseapp.com/assets/app-build-2025-04-11-1410.js:1074
[   36469ms] [LOG] [adminService] 调用云函数: action=get, params= {collection: featuredClasses, docId: home-featured-classes} @ https://rcwljy-5ghmq2ex26764978-1318564729.tcloudbaseapp.com/assets/app-build-2025-04-11-1410.js:1074
[   36469ms] [LOG] [adminService] 调用云函数: action=get, params= {collection: featuredLearningPaths, docId: home-featured-paths} @ https://rcwljy-5ghmq2ex26764978-1318564729.tcloudbaseapp.com/assets/app-build-2025-04-11-1410.js:1074
[   36470ms] [LOG] [adminService] 调用云函数: action=list, params= {collection: learning_paths, query: Object, options: Object} @ https://rcwljy-5ghmq2ex26764978-1318564729.tcloudbaseapp.com/assets/app-build-2025-04-11-1410.js:1074
[   36741ms] [LOG] [adminService] 云函数返回: {result: Object, requestId: 32dedbe2-a206-4dc4-8b4c-4a1f4f8c195b} @ https://rcwljy-5ghmq2ex26764978-1318564729.tcloudbaseapp.com/assets/app-build-2025-04-11-1410.js:1074
[   36741ms] [LOG] [adminService] 云函数返回: {result: Object, requestId: 79a87419-5e43-42e3-abc3-db73801ed3b4} @ https://rcwljy-5ghmq2ex26764978-1318564729.tcloudbaseapp.com/assets/app-build-2025-04-11-1410.js:1074
[   36742ms] [LOG] [adminService] 云函数返回: {result: Object, requestId: 6b3fcea6-0711-4b57-aa7c-0b070b2f9ca0} @ https://rcwljy-5ghmq2ex26764978-1318564729.tcloudbaseapp.com/assets/app-build-2025-04-11-1410.js:1074
[   36742ms] [LOG] [adminService] 云函数返回: {result: Object, requestId: 9e4de917-f082-4dee-b27f-11dbd8dd4328} @ https://rcwljy-5ghmq2ex26764978-1318564729.tcloudbaseapp.com/assets/app-build-2025-04-11-1410.js:1074
[   36783ms] [LOG] [adminService] 云函数返回: {result: Object, requestId: e87f777f-9728-4223-9f4d-52a2cf43638a} @ https://rcwljy-5ghmq2ex26764978-1318564729.tcloudbaseapp.com/assets/app-build-2025-04-11-1410.js:1074
[   36783ms] [LOG] [热门课程] 加载结果: {success: true, data: Object} @ https://rcwljy-5ghmq2ex26764978-1318564729.tcloudbaseapp.com/assets/app-build-2025-04-11-1410.js:1170
[   37436ms] [LOG] [adminService] 云函数返回: {result: Object, requestId: a04a7d5e-aabf-4e41-a611-6a771117bc4e} @ https://rcwljy-5ghmq2ex26764978-1318564729.tcloudbaseapp.com/assets/app-build-2025-04-11-1410.js:1074
[   37437ms] [LOG] [轮播图] 加载结果: {success: true, data: Array(3), total: 3} @ https://rcwljy-5ghmq2ex26764978-1318564729.tcloudbaseapp.com/assets/app-build-2025-04-11-1410.js:1170
[   37437ms] [LOG] [轮播图] 映射 banner: {原始: Object, 映射后ID: banner_001} @ https://rcwljy-5ghmq2ex26764978-1318564729.tcloudbaseapp.com/assets/app-build-2025-04-11-1410.js:1170
[   37437ms] [LOG] [轮播图] 映射 banner: {原始: Object, 映射后ID: banner_003} @ https://rcwljy-5ghmq2ex26764978-1318564729.tcloudbaseapp.com/assets/app-build-2025-04-11-1410.js:1170
[   37437ms] [LOG] [轮播图] 映射 banner: {原始: Object, 映射后ID: f6fcfb9c69cff35102cd29a71748a7ec} @ https://rcwljy-5ghmq2ex26764978-1318564729.tcloudbaseapp.com/assets/app-build-2025-04-11-1410.js:1170
[   37437ms] [LOG] [轮播图] 设置后 banners: [Object, Object, Object] @ https://rcwljy-5ghmq2ex26764978-1318564729.tcloudbaseapp.com/assets/app-build-2025-04-11-1410.js:1170
[   58243ms] [LOG] [DEBUG] openBannerDialog 被调用 {banner: undefined, bannerDialogOpen: false} @ https://rcwljy-5ghmq2ex26764978-1318564729.tcloudbaseapp.com/assets/app-build-2025-04-11-1410.js:1170
[   58243ms] [LOG] [DEBUG] bannerDialogOpen 设置为 true @ https://rcwljy-5ghmq2ex26764978-1318564729.tcloudbaseapp.com/assets/app-build-2025-04-11-1410.js:1170
