[     252ms] [ERROR] Failed to load resource: the server responded with a status of 404 () @ https://rcwljy-5ghmq2ex26764978-1318564729.tcloudbaseapp.com/:0
[     972ms] [ERROR] Failed to load resource: the server responded with a status of 404 () @ https://rcwljy-5ghmq2ex26764978-1318564729.tcloudbaseapp.com/favicon.ico:0
[   15649ms] [LOG] 📋 CloudBase 环境变量: {ENV_ID: rcwljy-5ghmq2ex26764978, isValidEnvId: true, hasPublishableKey: true, keyLength: 922} @ https://rcwljy-5ghmq2ex26764978-1318564729.tcloudbaseapp.com/assets/app-build-2025-04-11-1410.js:853
[   15650ms] [LOG] ✅ 使用 Publishable Key 初始化 CloudBase @ https://rcwljy-5ghmq2ex26764978-1318564729.tcloudbaseapp.com/assets/app-build-2025-04-11-1410.js:853
[   15650ms] [LOG] CloudBase 配置: {env: rcwljy-5ghmq2ex26764978, hasAccessKey: true} @ https://rcwljy-5ghmq2ex26764978-1318564729.tcloudbaseapp.com/assets/app-build-2025-04-11-1410.js:853
[   15676ms] [LOG] ✅ 用户已登录: undefined @ https://rcwljy-5ghmq2ex26764978-1318564729.tcloudbaseapp.com/assets/app-build-2025-04-11-1410.js:860
[   15737ms] [LOG] 🚀 生产环境启动 2026-04-11T07:54:03.129Z @ https://rcwljy-5ghmq2ex26764978-1318564729.tcloudbaseapp.com/assets/app-build-2025-04-11-1410.js:1116
[   16072ms] [LOG] ✅ 匿名登录成功 @ https://rcwljy-5ghmq2ex26764978-1318564729.tcloudbaseapp.com/assets/app-build-2025-04-11-1410.js:860
[   16272ms] [LOG] ✅ ensureAuthenticated: 匿名登录成功 @ https://rcwljy-5ghmq2ex26764978-1318564729.tcloudbaseapp.com/assets/app-build-2025-04-11-1410.js:860
[   16424ms] [LOG] 热门课程ID列表: [course_001, course_002, course_003, course_004] @ https://rcwljy-5ghmq2ex26764978-1318564729.tcloudbaseapp.com/assets/app-build-2025-04-11-1410.js:1123
[   16432ms] [LOG] 所有课程: [Object, Object, Object, Object] @ https://rcwljy-5ghmq2ex26764978-1318564729.tcloudbaseapp.com/assets/app-build-2025-04-11-1410.js:1123
[   16441ms] [LOG] 匹配到的热门课程: [Object, Object, Object, Object] @ https://rcwljy-5ghmq2ex26764978-1318564729.tcloudbaseapp.com/assets/app-build-2025-04-11-1410.js:1123
[   16441ms] [LOG] [adminService] 调用云函数: action=list, params= {collection: banners, query: Object, options: Object} @ https://rcwljy-5ghmq2ex26764978-1318564729.tcloudbaseapp.com/assets/app-build-2025-04-11-1410.js:1074
[   16441ms] [LOG] [adminService] 调用云函数: action=count, params= {collection: banners, query: Object} @ https://rcwljy-5ghmq2ex26764978-1318564729.tcloudbaseapp.com/assets/app-build-2025-04-11-1410.js:1074
[   16657ms] [LOG] [adminService] 云函数返回: {result: Object, requestId: 07879724-3289-4ac3-af83-760fc47fa470} @ https://rcwljy-5ghmq2ex26764978-1318564729.tcloudbaseapp.com/assets/app-build-2025-04-11-1410.js:1074
[   17431ms] [LOG] [adminService] 云函数返回: {result: Object, requestId: 7da1c64f-04cf-43ad-9f9d-a1cd24d34dad} @ https://rcwljy-5ghmq2ex26764978-1318564729.tcloudbaseapp.com/assets/app-build-2025-04-11-1410.js:1074
[   17431ms] [LOG] [adminService] 调用云函数: action=get, params= {collection: featuredClasses, docId: home-featured-classes} @ https://rcwljy-5ghmq2ex26764978-1318564729.tcloudbaseapp.com/assets/app-build-2025-04-11-1410.js:1074
[   17600ms] [LOG] [adminService] 云函数返回: {result: Object, requestId: d31a8d59-5e24-4830-b866-5e4822a97b19} @ https://rcwljy-5ghmq2ex26764978-1318564729.tcloudbaseapp.com/assets/app-build-2025-04-11-1410.js:1074
[   17600ms] [LOG] [首页] 使用配置的班级ID: [c25002a969d86c5403a4c6cb13d2fd82, 2d12bec269d8b22c03b6a5802c58ab69] @ https://rcwljy-5ghmq2ex26764978-1318564729.tcloudbaseapp.com/assets/app-build-2025-04-11-1410.js:1123
[   17818ms] [LOG] [首页] 匹配到的配置班级: [Object, Object] @ https://rcwljy-5ghmq2ex26764978-1318564729.tcloudbaseapp.com/assets/app-build-2025-04-11-1410.js:1123
[   17819ms] [LOG] [adminService] 调用云函数: action=get, params= {collection: featuredLearningPaths, docId: home-featured-paths} @ https://rcwljy-5ghmq2ex26764978-1318564729.tcloudbaseapp.com/assets/app-build-2025-04-11-1410.js:1074
[   17961ms] [LOG] [adminService] 云函数返回: {result: Object, requestId: d17a473b-c2f6-43d8-a5a4-1c18cee6e56d} @ https://rcwljy-5ghmq2ex26764978-1318564729.tcloudbaseapp.com/assets/app-build-2025-04-11-1410.js:1074
[   17961ms] [LOG] [首页] 学习路径ID列表: [path-beginner, path-advanced, path-intermediate, d3a457a269d9fa6203d5ddb53d673597] @ https://rcwljy-5ghmq2ex26764978-1318564729.tcloudbaseapp.com/assets/app-build-2025-04-11-1410.js:1123
