[     343ms] [ERROR] Failed to load resource: the server responded with a status of 404 () @ https://rcwljy-5ghmq2ex26764978-1318564729.tcloudbaseapp.com/?_t=1776079322:0
[    5498ms] [INFO] Successfully preconnected to https://fonts.googleapis.com/ @ :0
[    5576ms] [INFO] Successfully preconnected to https://fonts.gstatic.com/ @ :0
[    5619ms] [LOG] 📋 CloudBase 环境变量: {ENV_ID: rcwljy-5ghmq2ex26764978, isValidEnvId: true, hasPublishableKey: true, keyLength: 922} @ https://rcwljy-5ghmq2ex26764978-1318564729.tcloudbaseapp.com/assets/index-v1776078829070.js:1
[    5619ms] [LOG] ✅ 使用 Publishable Key 初始化 CloudBase @ https://rcwljy-5ghmq2ex26764978-1318564729.tcloudbaseapp.com/assets/index-v1776078829070.js:1
[    5619ms] [LOG] CloudBase 配置: {env: rcwljy-5ghmq2ex26764978, hasAccessKey: true} @ https://rcwljy-5ghmq2ex26764978-1318564729.tcloudbaseapp.com/assets/index-v1776078829070.js:1
[    5634ms] [LOG] [Auth] 未找到缓存手机号，尝试通过 openid 查询: undefined @ https://rcwljy-5ghmq2ex26764978-1318564729.tcloudbaseapp.com/assets/index-v1776078829070.js:8
[    5634ms] [ERROR] [Auth] 查询手机号失败: Error: 查询参数对象值不能均为undefined @ https://rcwljy-5ghmq2ex26764978-1318564729.tcloudbaseapp.com/assets/index-v1776078829070.js:8
[    5634ms] [LOG] ✅ 用户已登录: undefined , phone: 未绑定 @ https://rcwljy-5ghmq2ex26764978-1318564729.tcloudbaseapp.com/assets/index-v1776078829070.js:8
[    5655ms] [LOG] 🚀 Drone Training System Started 2026-04-13T11:22:11.287Z @ https://rcwljy-5ghmq2ex26764978-1318564729.tcloudbaseapp.com/assets/index-v1776078829070.js:39
[    5856ms] [LOG] ✅ ensureAuthenticated: 用户已登录 @ https://rcwljy-5ghmq2ex26764978-1318564729.tcloudbaseapp.com/assets/index-v1776078829070.js:8
[    5948ms] [LOG] ✅ 匿名登录成功 @ https://rcwljy-5ghmq2ex26764978-1318564729.tcloudbaseapp.com/assets/index-v1776078829070.js:8
[    6198ms] [LOG] 热门课程ID列表: [course_001, course_002, course_003, course_004] @ https://rcwljy-5ghmq2ex26764978-1318564729.tcloudbaseapp.com/assets/HomePage-D13SCMw5-v1776078829070.js:1
[    6199ms] [LOG] 所有课程: [undefined, undefined, undefined, undefined] @ https://rcwljy-5ghmq2ex26764978-1318564729.tcloudbaseapp.com/assets/HomePage-D13SCMw5-v1776078829070.js:1
[    6199ms] [LOG] 匹配到的热门课程: [Object, Object, Object, Object] @ https://rcwljy-5ghmq2ex26764978-1318564729.tcloudbaseapp.com/assets/HomePage-D13SCMw5-v1776078829070.js:1
[    6201ms] [LOG] [adminService] 调用云函数: action=list, params= {collection: banners, query: undefined, options: undefined} @ https://rcwljy-5ghmq2ex26764978-1318564729.tcloudbaseapp.com/assets/index-v1776078829070.js:10
[    6202ms] [LOG] [adminService] 调用云函数: action=count, params= {collection: banners, query: undefined} @ https://rcwljy-5ghmq2ex26764978-1318564729.tcloudbaseapp.com/assets/index-v1776078829070.js:10
[    7418ms] [LOG] [adminService] 云函数返回: {result: undefined, requestId: 02a03e53-45bd-48c6-a178-846d2716cd29} @ https://rcwljy-5ghmq2ex26764978-1318564729.tcloudbaseapp.com/assets/index-v1776078829070.js:10
[    8073ms] [LOG] [adminService] 云函数返回: {result: Object, requestId: d392c167-e501-40ff-90f4-527d1be37a69} @ https://rcwljy-5ghmq2ex26764978-1318564729.tcloudbaseapp.com/assets/index-v1776078829070.js:10
[    8076ms] [LOG] [adminService] 调用云函数: action=get, params= {collection: featuredClasses, docId: home-featured-classes} @ https://rcwljy-5ghmq2ex26764978-1318564729.tcloudbaseapp.com/assets/index-v1776078829070.js:10
[    8288ms] [LOG] [adminService] 云函数返回: {result: Object, requestId: 1deba766-4eb0-4b2d-9a0f-a119f36e7f51} @ https://rcwljy-5ghmq2ex26764978-1318564729.tcloudbaseapp.com/assets/index-v1776078829070.js:10
[    8288ms] [LOG] [首页] 使用配置的班级ID: [c25002a969d86c5403a4c6cb13d2fd82, 2d12bec269d8b22c03b6a5802c58ab69, dde8ef4869db139c03e583bf1e6a8ace] @ https://rcwljy-5ghmq2ex26764978-1318564729.tcloudbaseapp.com/assets/HomePage-D13SCMw5-v1776078829070.js:1
[    8487ms] [LOG] [首页] 匹配到的配置班级: [] @ https://rcwljy-5ghmq2ex26764978-1318564729.tcloudbaseapp.com/assets/HomePage-D13SCMw5-v1776078829070.js:1
[    8705ms] [LOG] [CategoryService] 开始获取分类... @ https://rcwljy-5ghmq2ex26764978-1318564729.tcloudbaseapp.com/assets/categoryService-DFoUlbzY-v1776078829070.js:0
[    8705ms] [LOG] [adminService] 调用云函数: action=list, params= {collection: categories, query: undefined, options: undefined} @ https://rcwljy-5ghmq2ex26764978-1318564729.tcloudbaseapp.com/assets/index-v1776078829070.js:10
[    8958ms] [LOG] [adminService] 云函数返回: {result: Object, requestId: f799fff9-2402-44e2-a4ea-1c6c5d447273} @ https://rcwljy-5ghmq2ex26764978-1318564729.tcloudbaseapp.com/assets/index-v1776078829070.js:10
[    8959ms] [LOG] [CategoryService] 云函数返回结果: {code: 0, message: 查询成功, data: Array, total: 6, page: 1} @ https://rcwljy-5ghmq2ex26764978-1318564729.tcloudbaseapp.com/assets/categoryService-DFoUlbzY-v1776078829070.js:0
[    8959ms] [LOG] [CategoryService] res.data 类型: object true @ https://rcwljy-5ghmq2ex26764978-1318564729.tcloudbaseapp.com/assets/categoryService-DFoUlbzY-v1776078829070.js:0
[    8959ms] [LOG] [CategoryService] 获取到分类数量: 6 @ https://rcwljy-5ghmq2ex26764978-1318564729.tcloudbaseapp.com/assets/categoryService-DFoUlbzY-v1776078829070.js:0
[    8959ms] [LOG] [CategoryService] 分类数据: [Object, Object, Object, Object, Object, Object] @ https://rcwljy-5ghmq2ex26764978-1318564729.tcloudbaseapp.com/assets/categoryService-DFoUlbzY-v1776078829070.js:0
[    8960ms] [LOG] [首页] 分类映射: {1fa8f55169cfc37d02ca9b05331e1ccf: 植保无人机, 1fa8f55169cfc37d02ca9b0849594d66: 航拍无人机, 1fa8f55169cfc37d02ca9b076436ae33: 安防无人机, c25002a969db08b903ea93007fbfd8dc: 应急无人机, 1fa8f55169cfc37d02ca9b0909722479: 物流无人机} @ https://rcwljy-5ghmq2ex26764978-1318564729.tcloudbaseapp.com/assets/HomePage-D13SCMw5-v1776078829070.js:1
[    8960ms] [LOG] [adminService] 调用云函数: action=get, params= {collection: featuredLearningPaths, docId: home-featured-paths} @ https://rcwljy-5ghmq2ex26764978-1318564729.tcloudbaseapp.com/assets/index-v1776078829070.js:10
[    9149ms] [LOG] [adminService] 云函数返回: {result: Object, requestId: 25e42b6f-c1c4-49a7-84d2-65e230b48c73} @ https://rcwljy-5ghmq2ex26764978-1318564729.tcloudbaseapp.com/assets/index-v1776078829070.js:10
[    9150ms] [LOG] [首页] 学习路径ID列表: [path-beginner, path-advanced, path-intermediate, 4d75389069db2c7302492c972a9d1038, 33956e3d69db2d4503e79e19599f727b] 数量: 5 @ https://rcwljy-5ghmq2ex26764978-1318564729.tcloudbaseapp.com/assets/HomePage-D13SCMw5-v1776078829070.js:1
[    9341ms] [LOG] [CloudLearningPathService.getAllPaths] 数据库返回数据: {count: 5, firstItem: Object} @ https://rcwljy-5ghmq2ex26764978-1318564729.tcloudbaseapp.com/assets/CloudLearningPathService-BAUz_g7O-v1776078829070.js:0
[    9341ms] [LOG] [CloudLearningPathService.getAllPaths] 处理单条数据: {_id: path-beginner, categoryId: 1fa8f55169cfc37d02ca9b0849594d66, categoryIds: undefined} @ https://rcwljy-5ghmq2ex26764978-1318564729.tcloudbaseapp.com/assets/CloudLearningPathService-BAUz_g7O-v1776078829070.js:0
[    9342ms] [LOG] [CloudLearningPathService.getAllPaths] 处理单条数据: {_id: path-intermediate, categoryId: undefined, categoryIds: undefined} @ https://rcwljy-5ghmq2ex26764978-1318564729.tcloudbaseapp.com/assets/CloudLearningPathService-BAUz_g7O-v1776078829070.js:0
[    9342ms] [LOG] [CloudLearningPathService.getAllPaths] 处理单条数据: {_id: path-advanced, categoryId: undefined, categoryIds: undefined} @ https://rcwljy-5ghmq2ex26764978-1318564729.tcloudbaseapp.com/assets/CloudLearningPathService-BAUz_g7O-v1776078829070.js:0
[    9343ms] [LOG] [CloudLearningPathService.getAllPaths] 处理单条数据: {_id: 4d75389069db2c7302492c972a9d1038, categoryId: undefined, categoryIds: undefined} @ https://rcwljy-5ghmq2ex26764978-1318564729.tcloudbaseapp.com/assets/CloudLearningPathService-BAUz_g7O-v1776078829070.js:0
[    9343ms] [LOG] [CloudLearningPathService.getAllPaths] 处理单条数据: {_id: 33956e3d69db2d4503e79e19599f727b, categoryId: undefined, categoryIds: undefined} @ https://rcwljy-5ghmq2ex26764978-1318564729.tcloudbaseapp.com/assets/CloudLearningPathService-BAUz_g7O-v1776078829070.js:0
[    9343ms] [LOG] [首页] 所有学习路径: 5 条 @ https://rcwljy-5ghmq2ex26764978-1318564729.tcloudbaseapp.com/assets/HomePage-D13SCMw5-v1776078829070.js:1
[    9343ms] [LOG] [首页] 最终使用的学习路径: 5 条 @ https://rcwljy-5ghmq2ex26764978-1318564729.tcloudbaseapp.com/assets/HomePage-D13SCMw5-v1776078829070.js:1
[    9343ms] [LOG] [首页] 检查是否需要随机选择: allLoadedPaths.length = 5 @ https://rcwljy-5ghmq2ex26764978-1318564729.tcloudbaseapp.com/assets/HomePage-D13SCMw5-v1776078829070.js:1
[    9343ms] [LOG] [首页] 日期种子: 20260413 @ https://rcwljy-5ghmq2ex26764978-1318564729.tcloudbaseapp.com/assets/HomePage-D13SCMw5-v1776078829070.js:1
[    9344ms] [LOG] [首页] 随机选择3条: [安防无人机, 电力巡检无人机, 航拍无人机] @ https://rcwljy-5ghmq2ex26764978-1318564729.tcloudbaseapp.com/assets/HomePage-D13SCMw5-v1776078829070.js:1
