[    3637ms] [LOG] 📋 CloudBase 环境变量: {ENV_ID: rcwljy-5ghmq2ex26764978, isValidEnvId: true, hasPublishableKey: true, keyLength: 922} @ http://6889b6bcbdfa4a70a1399ae04c85667e.codebuddy.cloudstudio.run/assets/app-v1776063165432.js:873
[    3639ms] [LOG] ✅ 使用 Publishable Key 初始化 CloudBase @ http://6889b6bcbdfa4a70a1399ae04c85667e.codebuddy.cloudstudio.run/assets/app-v1776063165432.js:873
[    3639ms] [LOG] CloudBase 配置: {env: rcwljy-5ghmq2ex26764978, hasAccessKey: true} @ http://6889b6bcbdfa4a70a1399ae04c85667e.codebuddy.cloudstudio.run/assets/app-v1776063165432.js:873
[    3657ms] [LOG] [Auth] 未找到缓存手机号，尝试通过 openid 查询: undefined @ http://6889b6bcbdfa4a70a1399ae04c85667e.codebuddy.cloudstudio.run/assets/app-v1776063165432.js:880
[    3657ms] [ERROR] [Auth] 查询手机号失败: Error: 查询参数对象值不能均为undefined
    at e.where (http://6889b6bcbdfa4a70a1399ae04c85667e.codebuddy.cloudstudio.run/assets/app-v1776063165432.js:868:45187)
    at http://6889b6bcbdfa4a70a1399ae04c85667e.codebuddy.cloudstudio.run/assets/app-v1776063165432.js:881:12132
    at Generator.next (<anonymous>)
    at i (http://6889b6bcbdfa4a70a1399ae04c85667e.codebuddy.cloudstudio.run/assets/app-v1776063165432.js:1:791) @ http://6889b6bcbdfa4a70a1399ae04c85667e.codebuddy.cloudstudio.run/assets/app-v1776063165432.js:880
[    3658ms] [LOG] ✅ 用户已登录: undefined , phone: 未绑定 @ http://6889b6bcbdfa4a70a1399ae04c85667e.codebuddy.cloudstudio.run/assets/app-v1776063165432.js:880
[    3766ms] [LOG] 🚀 生产环境启动 2026-04-13T07:09:47.595Z @ http://6889b6bcbdfa4a70a1399ae04c85667e.codebuddy.cloudstudio.run/assets/app-v1776063165432.js:1136
[    4052ms] [LOG] ✅ ensureAuthenticated: 匿名登录成功 @ http://6889b6bcbdfa4a70a1399ae04c85667e.codebuddy.cloudstudio.run/assets/app-v1776063165432.js:880
[    4294ms] [LOG] 热门课程ID列表: [course_001, course_002, course_003, course_004] @ http://6889b6bcbdfa4a70a1399ae04c85667e.codebuddy.cloudstudio.run/assets/app-v1776063165432.js:1143
[    4295ms] [LOG] 所有课程: [Object, Object, Object, Object] @ http://6889b6bcbdfa4a70a1399ae04c85667e.codebuddy.cloudstudio.run/assets/app-v1776063165432.js:1143
[    4295ms] [LOG] 匹配到的热门课程: [Object, Object, Object, Object] @ http://6889b6bcbdfa4a70a1399ae04c85667e.codebuddy.cloudstudio.run/assets/app-v1776063165432.js:1143
[    4295ms] [LOG] [adminService] 调用云函数: action=list, params= {collection: banners, query: Object, options: Object} @ http://6889b6bcbdfa4a70a1399ae04c85667e.codebuddy.cloudstudio.run/assets/app-v1776063165432.js:882
[    4296ms] [LOG] [adminService] 调用云函数: action=count, params= {collection: banners, query: Object} @ http://6889b6bcbdfa4a70a1399ae04c85667e.codebuddy.cloudstudio.run/assets/app-v1776063165432.js:882
[    4297ms] [LOG] ✅ 匿名登录成功 @ http://6889b6bcbdfa4a70a1399ae04c85667e.codebuddy.cloudstudio.run/assets/app-v1776063165432.js:880
[    4422ms] [LOG] [adminService] 云函数返回: {result: Object, requestId: 8f1f15c1-23a4-4671-ba18-5f8566c57dd3} @ http://6889b6bcbdfa4a70a1399ae04c85667e.codebuddy.cloudstudio.run/assets/app-v1776063165432.js:882
[    5142ms] [LOG] [adminService] 云函数返回: {result: Object, requestId: 269b5c12-eabe-4920-a5df-e465864a0d3e} @ http://6889b6bcbdfa4a70a1399ae04c85667e.codebuddy.cloudstudio.run/assets/app-v1776063165432.js:882
[    5143ms] [LOG] [adminService] 调用云函数: action=get, params= {collection: featuredClasses, docId: home-featured-classes} @ http://6889b6bcbdfa4a70a1399ae04c85667e.codebuddy.cloudstudio.run/assets/app-v1776063165432.js:882
[    5250ms] [LOG] [adminService] 云函数返回: {result: Object, requestId: 5e008a05-31ff-48ae-acaf-360b34d50935} @ http://6889b6bcbdfa4a70a1399ae04c85667e.codebuddy.cloudstudio.run/assets/app-v1776063165432.js:882
[    5250ms] [LOG] [首页] 使用配置的班级ID: [c25002a969d86c5403a4c6cb13d2fd82, 2d12bec269d8b22c03b6a5802c58ab69] @ http://6889b6bcbdfa4a70a1399ae04c85667e.codebuddy.cloudstudio.run/assets/app-v1776063165432.js:1143
[    5433ms] [LOG] [首页] 匹配到的配置班级: [Object, Object] @ http://6889b6bcbdfa4a70a1399ae04c85667e.codebuddy.cloudstudio.run/assets/app-v1776063165432.js:1143
[    5434ms] [LOG] [CategoryService] 开始获取分类... @ http://6889b6bcbdfa4a70a1399ae04c85667e.codebuddy.cloudstudio.run/assets/app-v1776063165432.js:1143
[    5434ms] [LOG] [adminService] 调用云函数: action=list, params= {collection: categories, query: Object, options: Object} @ http://6889b6bcbdfa4a70a1399ae04c85667e.codebuddy.cloudstudio.run/assets/app-v1776063165432.js:882
[    5615ms] [LOG] [adminService] 云函数返回: {result: Object, requestId: fcba4060-5123-4d3c-b69c-1cae8d49a40d} @ http://6889b6bcbdfa4a70a1399ae04c85667e.codebuddy.cloudstudio.run/assets/app-v1776063165432.js:882
[    5615ms] [LOG] [CategoryService] 云函数返回结果: {code: 0, message: 查询成功, data: Array(6), total: 6, page: 1} @ http://6889b6bcbdfa4a70a1399ae04c85667e.codebuddy.cloudstudio.run/assets/app-v1776063165432.js:1143
[    5615ms] [LOG] [CategoryService] res.data 类型: object true @ http://6889b6bcbdfa4a70a1399ae04c85667e.codebuddy.cloudstudio.run/assets/app-v1776063165432.js:1143
[    5615ms] [LOG] [CategoryService] 获取到分类数量: 6 @ http://6889b6bcbdfa4a70a1399ae04c85667e.codebuddy.cloudstudio.run/assets/app-v1776063165432.js:1143
[    5615ms] [LOG] [CategoryService] 分类数据: [Object, Object, Object, Object, Object, Object] @ http://6889b6bcbdfa4a70a1399ae04c85667e.codebuddy.cloudstudio.run/assets/app-v1776063165432.js:1143
[    5615ms] [LOG] [首页] 分类映射: {1fa8f55169cfc37d02ca9b05331e1ccf: 植保无人机, 1fa8f55169cfc37d02ca9b0849594d66: 航拍无人机, 1fa8f55169cfc37d02ca9b076436ae33: 安防无人机, 1fa8f55169cfc37d02ca9b0909722479: 物流无人机, c25002a969db08b903ea93007fbfd8dc: 应急无人机} @ http://6889b6bcbdfa4a70a1399ae04c85667e.codebuddy.cloudstudio.run/assets/app-v1776063165432.js:1143
[    5615ms] [LOG] [adminService] 调用云函数: action=get, params= {collection: featuredLearningPaths, docId: home-featured-paths} @ http://6889b6bcbdfa4a70a1399ae04c85667e.codebuddy.cloudstudio.run/assets/app-v1776063165432.js:882
[    5733ms] [LOG] [adminService] 云函数返回: {result: Object, requestId: 728da56d-8896-458c-84d6-b63fc327ed8a} @ http://6889b6bcbdfa4a70a1399ae04c85667e.codebuddy.cloudstudio.run/assets/app-v1776063165432.js:882
[    5733ms] [LOG] [首页] 学习路径ID列表: [path-beginner, path-advanced, path-intermediate, 4d75389069db2c7302492c972a9d1038, 33956e3d69db2d4503e79e19599f727b] 数量: 5 @ http://6889b6bcbdfa4a70a1399ae04c85667e.codebuddy.cloudstudio.run/assets/app-v1776063165432.js:1143
[    5857ms] [LOG] [CloudLearningPathService.getAllPaths] 数据库返回数据: {count: 5, firstItem: Object} @ http://6889b6bcbdfa4a70a1399ae04c85667e.codebuddy.cloudstudio.run/assets/app-v1776063165432.js:1192
[    5857ms] [LOG] [CloudLearningPathService.getAllPaths] 处理单条数据: {_id: path-beginner, categoryId: 1fa8f55169cfc37d02ca9b0849594d66, categoryIds: Array(1)} @ http://6889b6bcbdfa4a70a1399ae04c85667e.codebuddy.cloudstudio.run/assets/app-v1776063165432.js:1192
[    5857ms] [LOG] [CloudLearningPathService.getAllPaths] 处理单条数据: {_id: path-intermediate, categoryId: undefined, categoryIds: Array(1)} @ http://6889b6bcbdfa4a70a1399ae04c85667e.codebuddy.cloudstudio.run/assets/app-v1776063165432.js:1192
[    5857ms] [LOG] [CloudLearningPathService.getAllPaths] 处理单条数据: {_id: path-advanced, categoryId: undefined, categoryIds: Array(1)} @ http://6889b6bcbdfa4a70a1399ae04c85667e.codebuddy.cloudstudio.run/assets/app-v1776063165432.js:1192
[    5857ms] [LOG] [CloudLearningPathService.getAllPaths] 处理单条数据: {_id: 4d75389069db2c7302492c972a9d1038, categoryId: undefined, categoryIds: Array(1)} @ http://6889b6bcbdfa4a70a1399ae04c85667e.codebuddy.cloudstudio.run/assets/app-v1776063165432.js:1192
[    5857ms] [LOG] [CloudLearningPathService.getAllPaths] 处理单条数据: {_id: 33956e3d69db2d4503e79e19599f727b, categoryId: undefined, categoryIds: Array(1)} @ http://6889b6bcbdfa4a70a1399ae04c85667e.codebuddy.cloudstudio.run/assets/app-v1776063165432.js:1192
[    5857ms] [LOG] [首页] 所有学习路径: 5 条 @ http://6889b6bcbdfa4a70a1399ae04c85667e.codebuddy.cloudstudio.run/assets/app-v1776063165432.js:1143
[    5858ms] [LOG] [首页] 最终使用的学习路径: 5 条 @ http://6889b6bcbdfa4a70a1399ae04c85667e.codebuddy.cloudstudio.run/assets/app-v1776063165432.js:1143
[    5858ms] [LOG] [首页] 检查是否需要随机选择: allLoadedPaths.length = 5 @ http://6889b6bcbdfa4a70a1399ae04c85667e.codebuddy.cloudstudio.run/assets/app-v1776063165432.js:1143
[    5858ms] [LOG] [首页] 日期种子: 20260413 @ http://6889b6bcbdfa4a70a1399ae04c85667e.codebuddy.cloudstudio.run/assets/app-v1776063165432.js:1143
[    5858ms] [LOG] [首页] 随机选择3条: [安防无人机, 电力巡检无人机, 航拍无人机] @ http://6889b6bcbdfa4a70a1399ae04c85667e.codebuddy.cloudstudio.run/assets/app-v1776063165432.js:1143
