[     394ms] [LOG] 查询集合: courses, 参数: {page: 1, pageSize: 10} @ https://rcwljy-5ghmq2ex26764978-1318564729.tcloudbaseapp.com/assets/chunk-C6ASClun-v20260408-0020-adminService-fix.js:0
[     395ms] [LOG] 查询集合: teacher_profiles, 参数: {page: 1, pageSize: 100} @ https://rcwljy-5ghmq2ex26764978-1318564729.tcloudbaseapp.com/assets/chunk-C6ASClun-v20260408-0020-adminService-fix.js:0
[     396ms] [LOG] [adminService] 调用云函数: action=list, params= {collection: categories, query: Object, options: Object} @ https://rcwljy-5ghmq2ex26764978-1318564729.tcloudbaseapp.com/assets/chunk-Cq99VT6_-v20260408-0020-adminService-fix.js:0
[     461ms] [LOG] 集合 teacher_profiles 总数: 4 @ https://rcwljy-5ghmq2ex26764978-1318564729.tcloudbaseapp.com/assets/chunk-C6ASClun-v20260408-0020-adminService-fix.js:0
[     463ms] [LOG] 集合 courses 总数: 4 @ https://rcwljy-5ghmq2ex26764978-1318564729.tcloudbaseapp.com/assets/chunk-C6ASClun-v20260408-0020-adminService-fix.js:0
[     528ms] [LOG] 查询到 4 条数据 @ https://rcwljy-5ghmq2ex26764978-1318564729.tcloudbaseapp.com/assets/chunk-C6ASClun-v20260408-0020-adminService-fix.js:0
[     531ms] [LOG] 查询到 4 条数据 @ https://rcwljy-5ghmq2ex26764978-1318564729.tcloudbaseapp.com/assets/chunk-C6ASClun-v20260408-0020-adminService-fix.js:0
[     832ms] [LOG] [adminService] 云函数返回: {result: Object, requestId: 34e9d98d-99e0-4765-8e6c-f6be2e63909b} @ https://rcwljy-5ghmq2ex26764978-1318564729.tcloudbaseapp.com/assets/chunk-Cq99VT6_-v20260408-0020-adminService-fix.js:0
[   18600ms] [LOG] 编辑课程原始数据: {
  "_id": "course_001",
  "category": "进阶提升",
  "coverImage": "https://images.unsplash.com/photo-1473968512647-3e447244af8f?w=800",
  "createdAt": "2025-03-01T08:00:00.000Z",
  "description": "全面系统的CAAC无人机驾驶员执照培训课程，涵盖理论知识和实操技能，帮助学员顺利通过CAAC考试获得执照。",
  "duration": 40,
  "instructor": "李娜",
  "lessons": 20,
  "level": "intermediate",
  "maxStudents": 50,
  "originalPrice": 6999,
  "price": 5999,
  "rating": 4.8,
  "reviewCount": 25,
  "salesCount": 12,
  "status": "published",
  "tags": [
    "CAAC",
    "执照",
    "培训"
  ],
  "teacherId": "teacher_002",
  "teacherName": "李娜",
  "title": "CAAC无人机驾驶员执照培训",
  "updatedAt": "2026-04-03T16:07:04.898Z"
} @ https://rcwljy-5ghmq2ex26764978-1318564729.tcloudbaseapp.com/assets/chunk-BK7w8I-f-v20260408-0020-adminService-fix.js:5
[   18600ms] [LOG] 编辑课程设置 teacherId: teacher_002 instructor: 李娜 @ https://rcwljy-5ghmq2ex26764978-1318564729.tcloudbaseapp.com/assets/chunk-BK7w8I-f-v20260408-0020-adminService-fix.js:5
